Test1 VALIDATION_FAILED
Test1 FAILED
Test1 VALIDATION_FAILED
Test1 NOT_EXECUTED
Test1 UNKNOWN
Test1 VALIDATION_FAILED
Test1 NOT_COMPLETED
Test1 FAILED
Test1 NOT_EXECUTED
Test1 UNKNOWN
Test1 VALIDATION_FAILED
Test2 VALIDATION_FAILED
Test2 UNKNOWN
Test2 VALIDATION_FAILED
Test2 FAILED
Test2 NOT_COMPLETED
Test3 PASSED
Test3 NOT_COMPLETED
Test3 NOT_COMPLETED
Test3 VALIDATION_FAILED
Test4 PASSED
Test4 FAILED
Test4 NOT_EXECUTED
Test4 UNKNOWN
Test4 FAILED
Test4 NOT_EXECUTED
Test5 UNKNOWN
Test5 PASSED
Test5 UNKNOWN
Test5 VALIDATION_FAILED
